2022-02-16 09:57:14.078  INFO 36020 --- [restartedMain] com.jmguajardo.saludo.SaludoApplication  : Starting SaludoApplication using Java 1.8.0_202 on E-JMGUAJARDO with PID 36020 (C:\Users\e-jmguajardo\Documents\repos\Java\saludo\bin\main started by e-jmguajardo in C:\Users\e-jmguajardo\Documents\repos\Java\saludo)
2022-02-16 09:57:14.080  INFO 36020 --- [restartedMain] com.jmguajardo.saludo.SaludoApplication  : No active profile set, falling back to default profiles: default
2022-02-16 09:57:14.166  INFO 36020 --- [restartedMain] .e.DevToolsPropertyDefaultsPostProcessor : Devtools property defaults active! Set 'spring.devtools.add-properties' to 'false' to disable
2022-02-16 09:57:14.167  INFO 36020 --- [restartedMain] .e.DevToolsPropertyDefaultsPostProcessor : For additional web related logging consider setting the 'logging.level.web' property to 'DEBUG'
2022-02-16 09:57:14.674  INFO 36020 --- [restartedMain] .s.d.r.c.RepositoryConfigurationDelegate : Bootstrapping Spring Data JPA repositories in DEFAULT mode.
2022-02-16 09:57:14.723  INFO 36020 --- [restartedMain] .s.d.r.c.RepositoryConfigurationDelegate : Finished Spring Data repository scanning in 40 ms. Found 1 JPA repository interfaces.
2022-02-16 09:57:15.802  INFO 36020 --- [restartedMain] o.s.b.w.embedded.tomcat.TomcatWebServer  : Tomcat initialized with port(s): 8082 (http)
2022-02-16 09:57:15.814  INFO 36020 --- [restartedMain] o.apache.catalina.core.StandardService   : Starting service [Tomcat]
2022-02-16 09:57:15.815  INFO 36020 --- [restartedMain] org.apache.catalina.core.StandardEngine  : Starting Servlet engine: [Apache Tomcat/9.0.56]
2022-02-16 09:57:15.866  INFO 36020 --- [restartedMain] o.a.c.c.C.[Tomcat].[localhost].[/]       : Initializing Spring embedded WebApplicationContext
2022-02-16 09:57:15.867  INFO 36020 --- [restartedMain] w.s.c.ServletWebServerApplicationContext : Root WebApplicationContext: initialization completed in 1692 ms
2022-02-16 09:57:16.092  INFO 36020 --- [restartedMain] o.hibernate.jpa.internal.util.LogHelper  : HHH000204: Processing PersistenceUnitInfo [name: default]
2022-02-16 09:57:16.166  INFO 36020 --- [restartedMain] org.hibernate.Version                    : HHH000412: Hibernate ORM core version 5.6.4.Final
2022-02-16 09:57:16.478  INFO 36020 --- [restartedMain] o.hibernate.annotations.common.Version   : HCANN000001: Hibernate Commons Annotations {5.1.2.Final}
2022-02-16 09:57:16.637  INFO 36020 --- [restartedMain] com.zaxxer.hikari.HikariDataSource       : HikariPool-1 - Starting...
2022-02-16 09:57:17.150  INFO 36020 --- [restartedMain] com.zaxxer.hikari.HikariDataSource       : HikariPool-1 - Start completed.
2022-02-16 09:57:17.177  INFO 36020 --- [restartedMain] org.hibernate.dialect.Dialect            : HHH000400: Using dialect: org.hibernate.dialect.PostgreSQL81Dialect
2022-02-16 09:57:18.026  INFO 36020 --- [restartedMain] o.h.e.t.j.p.i.JtaPlatformInitiator       : HHH000490: Using JtaPlatform implementation: [org.hibernate.engine.transaction.jta.platform.internal.NoJtaPlatform]
2022-02-16 09:57:18.038  INFO 36020 --- [restartedMain] j.LocalContainerEntityManagerFactoryBean : Initialized JPA EntityManagerFactory for persistence unit 'default'
2022-02-16 09:57:18.672  WARN 36020 --- [restartedMain] JpaBaseConfiguration$JpaWebConfiguration : spring.jpa.open-in-view is enabled by default. Therefore, database queries may be performed during view rendering. Explicitly configure spring.jpa.open-in-view to disable this warning
2022-02-16 09:57:19.154  INFO 36020 --- [restartedMain] o.s.b.d.a.OptionalLiveReloadServer       : LiveReload server is running on port 35729
2022-02-16 09:57:19.209  INFO 36020 --- [restartedMain] o.s.b.w.embedded.tomcat.TomcatWebServer  : Tomcat started on port(s): 8082 (http) with context path ''
2022-02-16 09:57:19.229  INFO 36020 --- [restartedMain] com.jmguajardo.saludo.SaludoApplication  : Started SaludoApplication in 5.616 seconds (JVM running for 6.069)
2022-02-16 09:57:46.868  INFO 36020 --- [http-nio-8082-exec-2] o.a.c.c.C.[Tomcat].[localhost].[/]       : Initializing Spring DispatcherServlet 'dispatcherServlet'
2022-02-16 09:57:46.869  INFO 36020 --- [http-nio-8082-exec-2] o.s.web.servlet.DispatcherServlet        : Initializing Servlet 'dispatcherServlet'
2022-02-16 09:57:46.870  INFO 36020 --- [http-nio-8082-exec-2] o.s.web.servlet.DispatcherServlet        : Completed initialization in 1 ms
2022-02-16 09:57:47.178 ERROR 36020 --- [http-nio-8082-exec-2] o.a.c.c.C.[.[.[/].[dispatcherServlet]    : Servlet.service() for servlet [dispatcherServlet] in context with path [] threw exception [Request processing failed; nested exception is com.jmguajardo.saludo.exceptions.TipoNotDefinedException: El tipo no ah sido definido] with root cause

com.jmguajardo.saludo.exceptions.TipoNotDefinedException: El tipo no ah sido definido
	at com.jmguajardo.saludo.services.SaludoService.lambda$0(SaludoService.java:38) ~[main/:na]
	at java.util.Optional.orElseThrow(Optional.java:290) ~[na:1.8.0_202]
	at com.jmguajardo.saludo.services.SaludoService.findByTipo(SaludoService.java:38) ~[main/:na]
	at com.jmguajardo.saludo.controllers.SaludoController.getSaludoByTipo(SaludoController.java:39) ~[main/:na]
	at sun.reflect.NativeMethodAccessorImpl.invoke0(Native Method) ~[na:1.8.0_202]
	at sun.reflect.NativeMethodAccessorImpl.invoke(NativeMethodAccessorImpl.java:62) ~[na:1.8.0_202]
	at sun.reflect.DelegatingMethodAccessorImpl.invoke(DelegatingMethodAccessorImpl.java:43) ~[na:1.8.0_202]
	at java.lang.reflect.Method.invoke(Method.java:498) ~[na:1.8.0_202]
	at org.springframework.web.method.support.InvocableHandlerMethod.doInvoke(InvocableHandlerMethod.java:205) ~[spring-web-5.3.15.jar:5.3.15]
	at org.springframework.web.method.support.InvocableHandlerMethod.invokeForRequest(InvocableHandlerMethod.java:150) ~[spring-web-5.3.15.jar:5.3.15]
	at org.springframework.web.servlet.mvc.method.annotation.ServletInvocableHandlerMethod.invokeAndHandle(ServletInvocableHandlerMethod.java:117) ~[spring-webmvc-5.3.15.jar:5.3.15]
	at org.springframework.web.servlet.mvc.method.annotation.RequestMappingHandlerAdapter.invokeHandlerMethod(RequestMappingHandlerAdapter.java:895) ~[spring-webmvc-5.3.15.jar:5.3.15]
	at org.springframework.web.servlet.mvc.method.annotation.RequestMappingHandlerAdapter.handleInternal(RequestMappingHandlerAdapter.java:808) ~[spring-webmvc-5.3.15.jar:5.3.15]
	at org.springframework.web.servlet.mvc.method.AbstractHandlerMethodAdapter.handle(AbstractHandlerMethodAdapter.java:87) ~[spring-webmvc-5.3.15.jar:5.3.15]
	at org.springframework.web.servlet.DispatcherServlet.doDispatch(DispatcherServlet.java:1067) ~[spring-webmvc-5.3.15.jar:5.3.15]
	at org.springframework.web.servlet.DispatcherServlet.doService(DispatcherServlet.java:963) ~[spring-webmvc-5.3.15.jar:5.3.15]
	at org.springframework.web.servlet.FrameworkServlet.processRequest(FrameworkServlet.java:1006) ~[spring-webmvc-5.3.15.jar:5.3.15]
	at org.springframework.web.servlet.FrameworkServlet.doGet(FrameworkServlet.java:898) ~[spring-webmvc-5.3.15.jar:5.3.15]
	at javax.servlet.http.HttpServlet.service(HttpServlet.java:655) ~[tomcat-embed-core-9.0.56.jar:4.0.FR]
	at org.springframework.web.servlet.FrameworkServlet.service(FrameworkServlet.java:883) ~[spring-webmvc-5.3.15.jar:5.3.15]
	at javax.servlet.http.HttpServlet.service(HttpServlet.java:764) ~[tomcat-embed-core-9.0.56.jar:4.0.FR]
	at org.apache.catalina.core.ApplicationFilterChain.internalDoFilter(ApplicationFilterChain.java:227) ~[tomcat-embed-core-9.0.56.jar:9.0.56]
	at org.apache.catalina.core.ApplicationFilterChain.doFilter(ApplicationFilterChain.java:162) ~[tomcat-embed-core-9.0.56.jar:9.0.56]
	at org.apache.tomcat.websocket.server.WsFilter.doFilter(WsFilter.java:53) ~[tomcat-embed-websocket-9.0.56.jar:9.0.56]
	at org.apache.catalina.core.ApplicationFilterChain.internalDoFilter(ApplicationFilterChain.java:189) ~[tomcat-embed-core-9.0.56.jar:9.0.56]
	at org.apache.catalina.core.ApplicationFilterChain.doFilter(ApplicationFilterChain.java:162) ~[tomcat-embed-core-9.0.56.jar:9.0.56]
	at org.springframework.web.filter.RequestContextFilter.doFilterInternal(RequestContextFilter.java:100) ~[spring-web-5.3.15.jar:5.3.15]
	at org.springframework.web.filter.OncePerRequestFilter.doFilter(OncePerRequestFilter.java:117) ~[spring-web-5.3.15.jar:5.3.15]
	at org.apache.catalina.core.ApplicationFilterChain.internalDoFilter(ApplicationFilterChain.java:189) ~[tomcat-embed-core-9.0.56.jar:9.0.56]
	at org.apache.catalina.core.ApplicationFilterChain.doFilter(ApplicationFilterChain.java:162) ~[tomcat-embed-core-9.0.56.jar:9.0.56]
	at org.springframework.web.filter.FormContentFilter.doFilterInternal(FormContentFilter.java:93) ~[spring-web-5.3.15.jar:5.3.15]
	at org.springframework.web.filter.OncePerRequestFilter.doFilter(OncePerRequestFilter.java:117) ~[spring-web-5.3.15.jar:5.3.15]
	at org.apache.catalina.core.ApplicationFilterChain.internalDoFilter(ApplicationFilterChain.java:189) ~[tomcat-embed-core-9.0.56.jar:9.0.56]
	at org.apache.catalina.core.ApplicationFilterChain.doFilter(ApplicationFilterChain.java:162) ~[tomcat-embed-core-9.0.56.jar:9.0.56]
	at org.springframework.web.filter.CharacterEncodingFilter.doFilterInternal(CharacterEncodingFilter.java:201) ~[spring-web-5.3.15.jar:5.3.15]
	at org.springframework.web.filter.OncePerRequestFilter.doFilter(OncePerRequestFilter.java:117) ~[spring-web-5.3.15.jar:5.3.15]
	at org.apache.catalina.core.ApplicationFilterChain.internalDoFilter(ApplicationFilterChain.java:189) ~[tomcat-embed-core-9.0.56.jar:9.0.56]
	at org.apache.catalina.core.ApplicationFilterChain.doFilter(ApplicationFilterChain.java:162) ~[tomcat-embed-core-9.0.56.jar:9.0.56]
	at org.apache.catalina.core.StandardWrapperValve.invoke(StandardWrapperValve.java:197) ~[tomcat-embed-core-9.0.56.jar:9.0.56]
	at org.apache.catalina.core.StandardContextValve.invoke(StandardContextValve.java:97) [tomcat-embed-core-9.0.56.jar:9.0.56]
	at org.apache.catalina.authenticator.AuthenticatorBase.invoke(AuthenticatorBase.java:540) [tomcat-embed-core-9.0.56.jar:9.0.56]
	at org.apache.catalina.core.StandardHostValve.invoke(StandardHostValve.java:135) [tomcat-embed-core-9.0.56.jar:9.0.56]
	at org.apache.catalina.valves.ErrorReportValve.invoke(ErrorReportValve.java:92) [tomcat-embed-core-9.0.56.jar:9.0.56]
	at org.apache.catalina.core.StandardEngineValve.invoke(StandardEngineValve.java:78) [tomcat-embed-core-9.0.56.jar:9.0.56]
	at org.apache.catalina.connector.CoyoteAdapter.service(CoyoteAdapter.java:357) [tomcat-embed-core-9.0.56.jar:9.0.56]
	at org.apache.coyote.http11.Http11Processor.service(Http11Processor.java:382) [tomcat-embed-core-9.0.56.jar:9.0.56]
	at org.apache.coyote.AbstractProcessorLight.process(AbstractProcessorLight.java:65) [tomcat-embed-core-9.0.56.jar:9.0.56]
	at org.apache.coyote.AbstractProtocol$ConnectionHandler.process(AbstractProtocol.java:895) [tomcat-embed-core-9.0.56.jar:9.0.56]
	at org.apache.tomcat.util.net.NioEndpoint$SocketProcessor.doRun(NioEndpoint.java:1732) [tomcat-embed-core-9.0.56.jar:9.0.56]
	at org.apache.tomcat.util.net.SocketProcessorBase.run(SocketProcessorBase.java:49) [tomcat-embed-core-9.0.56.jar:9.0.56]
	at org.apache.tomcat.util.threads.ThreadPoolExecutor.runWorker(ThreadPoolExecutor.java:1191) [tomcat-embed-core-9.0.56.jar:9.0.56]
	at org.apache.tomcat.util.threads.ThreadPoolExecutor$Worker.run(ThreadPoolExecutor.java:659) [tomcat-embed-core-9.0.56.jar:9.0.56]
	at org.apache.tomcat.util.threads.TaskThread$WrappingRunnable.run(TaskThread.java:61) [tomcat-embed-core-9.0.56.jar:9.0.56]
	at java.lang.Thread.run(Thread.java:748) [na:1.8.0_202]

2022-02-16 09:59:28.374  INFO 36020 --- [Thread-6] j.LocalContainerEntityManagerFactoryBean : Closing JPA EntityManagerFactory for persistence unit 'default'
2022-02-16 09:59:28.379  INFO 36020 --- [Thread-6] com.zaxxer.hikari.HikariDataSource       : HikariPool-1 - Shutdown initiated...
2022-02-16 09:59:28.386  INFO 36020 --- [Thread-6] com.zaxxer.hikari.HikariDataSource       : HikariPool-1 - Shutdown completed.
2022-02-16 09:59:28.727  INFO 36020 --- [restartedMain] com.jmguajardo.saludo.SaludoApplication  : Starting SaludoApplication using Java 1.8.0_202 on E-JMGUAJARDO with PID 36020 (C:\Users\e-jmguajardo\Documents\repos\Java\saludo\bin\main started by e-jmguajardo in C:\Users\e-jmguajardo\Documents\repos\Java\saludo)
2022-02-16 09:59:28.730  INFO 36020 --- [restartedMain] com.jmguajardo.saludo.SaludoApplication  : No active profile set, falling back to default profiles: default
2022-02-16 09:59:29.110  INFO 36020 --- [restartedMain] .s.d.r.c.RepositoryConfigurationDelegate : Bootstrapping Spring Data JPA repositories in DEFAULT mode.
2022-02-16 09:59:29.130  INFO 36020 --- [restartedMain] .s.d.r.c.RepositoryConfigurationDelegate : Finished Spring Data repository scanning in 18 ms. Found 1 JPA repository interfaces.
2022-02-16 09:59:29.548  INFO 36020 --- [restartedMain] o.s.b.w.embedded.tomcat.TomcatWebServer  : Tomcat initialized with port(s): 8082 (http)
2022-02-16 09:59:29.550  INFO 36020 --- [restartedMain] o.apache.catalina.core.StandardService   : Starting service [Tomcat]
2022-02-16 09:59:29.551  INFO 36020 --- [restartedMain] org.apache.catalina.core.StandardEngine  : Starting Servlet engine: [Apache Tomcat/9.0.56]
2022-02-16 09:59:29.562  INFO 36020 --- [restartedMain] o.a.c.c.C.[Tomcat].[localhost].[/]       : Initializing Spring embedded WebApplicationContext
2022-02-16 09:59:29.563  INFO 36020 --- [restartedMain] w.s.c.ServletWebServerApplicationContext : Root WebApplicationContext: initialization completed in 818 ms
2022-02-16 09:59:29.639  INFO 36020 --- [restartedMain] o.hibernate.jpa.internal.util.LogHelper  : HHH000204: Processing PersistenceUnitInfo [name: default]
2022-02-16 09:59:29.646  INFO 36020 --- [restartedMain] com.zaxxer.hikari.HikariDataSource       : HikariPool-2 - Starting...
2022-02-16 09:59:29.814  INFO 36020 --- [restartedMain] com.zaxxer.hikari.HikariDataSource       : HikariPool-2 - Start completed.
2022-02-16 09:59:29.814  INFO 36020 --- [restartedMain] org.hibernate.dialect.Dialect            : HHH000400: Using dialect: org.hibernate.dialect.PostgreSQL81Dialect
2022-02-16 09:59:29.863  INFO 36020 --- [restartedMain] o.h.e.t.j.p.i.JtaPlatformInitiator       : HHH000490: Using JtaPlatform implementation: [org.hibernate.engine.transaction.jta.platform.internal.NoJtaPlatform]
2022-02-16 09:59:29.864  INFO 36020 --- [restartedMain] j.LocalContainerEntityManagerFactoryBean : Initialized JPA EntityManagerFactory for persistence unit 'default'
2022-02-16 09:59:29.957  WARN 36020 --- [restartedMain] JpaBaseConfiguration$JpaWebConfiguration : spring.jpa.open-in-view is enabled by default. Therefore, database queries may be performed during view rendering. Explicitly configure spring.jpa.open-in-view to disable this warning
2022-02-16 09:59:30.079  INFO 36020 --- [restartedMain] o.s.b.d.a.OptionalLiveReloadServer       : LiveReload server is running on port 35729
2022-02-16 09:59:30.089  INFO 36020 --- [restartedMain] o.s.b.w.embedded.tomcat.TomcatWebServer  : Tomcat started on port(s): 8082 (http) with context path ''
2022-02-16 09:59:30.094  INFO 36020 --- [restartedMain] com.jmguajardo.saludo.SaludoApplication  : Started SaludoApplication in 1.457 seconds (JVM running for 136.934)
2022-02-16 09:59:30.097  INFO 36020 --- [restartedMain] .ConditionEvaluationDeltaLoggingListener : Condition evaluation unchanged
2022-02-16 09:59:34.287  INFO 36020 --- [http-nio-8082-exec-2] o.a.c.c.C.[Tomcat].[localhost].[/]       : Initializing Spring DispatcherServlet 'dispatcherServlet'
2022-02-16 09:59:34.289  INFO 36020 --- [http-nio-8082-exec-2] o.s.web.servlet.DispatcherServlet        : Initializing Servlet 'dispatcherServlet'
2022-02-16 09:59:34.290  INFO 36020 --- [http-nio-8082-exec-2] o.s.web.servlet.DispatcherServlet        : Completed initialization in 0 ms
2022-02-16 09:59:34.309  WARN 36020 --- [http-nio-8082-exec-2] c.j.s.exceptions.GlobalExceptionHandler  : Excepcion: TipoNotDefinedException
2022-02-16 09:59:34.310  WARN 36020 --- [http-nio-8082-exec-2] c.j.s.exceptions.GlobalExceptionHandler  : Causa: Se intento buscar de un tipo del cual no se tiene registro existente, favor de crear primero el registro o corregir su busqueda
2022-02-16 09:59:34.332  WARN 36020 --- [http-nio-8082-exec-2] .m.m.a.ExceptionHandlerExceptionResolver : Resolved [com.jmguajardo.saludo.exceptions.TipoNotDefinedException: El tipo no ah sido definido]
2022-02-16 10:00:42.092  INFO 36020 --- [http-nio-8082-exec-5] c.j.saludo.controllers.SaludoController  : Se esta creando un nuevo registro de saludo:
2022-02-16 10:00:42.093  INFO 36020 --- [http-nio-8082-exec-5] c.j.saludo.controllers.SaludoController  : Saludo(id=1, tipo=MORNING, saludo=Hola, muy buenos dias)
2022-02-16 10:00:46.897  WARN 36020 --- [http-nio-8082-exec-6] o.h.engine.jdbc.spi.SqlExceptionHelper   : SQL Error: 0, SQLState: 23505
2022-02-16 10:00:46.898 ERROR 36020 --- [http-nio-8082-exec-6] o.h.engine.jdbc.spi.SqlExceptionHelper   : ERROR: duplicate key value violates unique constraint "uk_sn7fi91ec89vbkky3hkgo3kit"
  Detail: Key (tipo)=(0) already exists.
2022-02-16 10:00:46.904  WARN 36020 --- [http-nio-8082-exec-6] c.j.s.exceptions.GlobalExceptionHandler  : Excepcion: TipoAlreadyCreatedException
2022-02-16 10:00:46.905  WARN 36020 --- [http-nio-8082-exec-6] c.j.s.exceptions.GlobalExceptionHandler  : Causa: Se intento crear un nuevo tipo de salido, cuando ya existe un registro con dicho tipo, los tipos son unicos
2022-02-16 10:00:46.906  WARN 36020 --- [http-nio-8082-exec-6] .m.m.a.ExceptionHandlerExceptionResolver : Resolved [com.jmguajardo.saludo.exceptions.TipoAlreadyCreatedException: Tipo de saludo existente]
2022-02-16 10:01:26.300  INFO 36020 --- [http-nio-8082-exec-8] c.j.saludo.controllers.SaludoController  : Se esta creando un nuevo registro de saludo:
2022-02-16 10:01:26.301  INFO 36020 --- [http-nio-8082-exec-8] c.j.saludo.controllers.SaludoController  : Saludo(id=3, tipo=EVENING, saludo=Hola, muy buenas tardes)
2022-02-16 10:01:31.672  WARN 36020 --- [http-nio-8082-exec-9] o.h.engine.jdbc.spi.SqlExceptionHelper   : SQL Error: 0, SQLState: 23505
2022-02-16 10:01:31.673 ERROR 36020 --- [http-nio-8082-exec-9] o.h.engine.jdbc.spi.SqlExceptionHelper   : ERROR: duplicate key value violates unique constraint "uk_sn7fi91ec89vbkky3hkgo3kit"
  Detail: Key (tipo)=(1) already exists.
2022-02-16 10:01:31.674  WARN 36020 --- [http-nio-8082-exec-9] c.j.s.exceptions.GlobalExceptionHandler  : Excepcion: TipoAlreadyCreatedException
2022-02-16 10:01:31.675  WARN 36020 --- [http-nio-8082-exec-9] c.j.s.exceptions.GlobalExceptionHandler  : Causa: Se intento crear un nuevo tipo de salido, cuando ya existe un registro con dicho tipo, los tipos son unicos
2022-02-16 10:01:31.676  WARN 36020 --- [http-nio-8082-exec-9] .m.m.a.ExceptionHandlerExceptionResolver : Resolved [com.jmguajardo.saludo.exceptions.TipoAlreadyCreatedException: Tipo de saludo existente]
2022-02-16 10:01:36.800  INFO 36020 --- [http-nio-8082-exec-1] c.j.saludo.controllers.SaludoController  : Se esta creando un nuevo registro de saludo:
2022-02-16 10:01:36.800  INFO 36020 --- [http-nio-8082-exec-1] c.j.saludo.controllers.SaludoController  : Saludo(id=5, tipo=NIGHT, saludo=Hola, muy buenas noches)
2022-02-16 10:01:46.850  INFO 36020 --- [http-nio-8082-exec-2] c.j.saludo.controllers.SaludoController  : Se esta buscando por un saludo del tipo: morning
2022-02-16 10:01:46.850  INFO 36020 --- [http-nio-8082-exec-2] c.j.saludo.controllers.SaludoController  : Se esta regresando el siguiente saludo:
2022-02-16 10:01:46.851  INFO 36020 --- [http-nio-8082-exec-2] c.j.saludo.controllers.SaludoController  : Saludo(id=1, tipo=MORNING, saludo=Hola, muy buenos dias)
2022-02-16 10:01:51.840  INFO 36020 --- [http-nio-8082-exec-3] c.j.saludo.controllers.SaludoController  : Se esta buscando por un saludo del tipo: evening
2022-02-16 10:01:51.840  INFO 36020 --- [http-nio-8082-exec-3] c.j.saludo.controllers.SaludoController  : Se esta regresando el siguiente saludo:
2022-02-16 10:01:51.840  INFO 36020 --- [http-nio-8082-exec-3] c.j.saludo.controllers.SaludoController  : Saludo(id=3, tipo=EVENING, saludo=Hola, muy buenas tardes)
2022-02-16 10:01:55.499  INFO 36020 --- [http-nio-8082-exec-4] c.j.saludo.controllers.SaludoController  : Se esta buscando por un saludo del tipo: night
2022-02-16 10:01:55.499  INFO 36020 --- [http-nio-8082-exec-4] c.j.saludo.controllers.SaludoController  : Se esta regresando el siguiente saludo:
2022-02-16 10:01:55.500  INFO 36020 --- [http-nio-8082-exec-4] c.j.saludo.controllers.SaludoController  : Saludo(id=5, tipo=NIGHT, saludo=Hola, muy buenas noches)
2022-02-16 10:05:08.767  INFO 36020 --- [http-nio-8082-exec-6] c.j.saludo.controllers.SaludoController  : Se esta buscando por un saludo del tipo: morning
2022-02-16 10:05:08.768  INFO 36020 --- [http-nio-8082-exec-6] c.j.saludo.controllers.SaludoController  : Se esta regresando el siguiente saludo:
2022-02-16 10:05:08.768  INFO 36020 --- [http-nio-8082-exec-6] c.j.saludo.controllers.SaludoController  : Saludo(id=1, tipo=MORNING, saludo=Hola, muy buenos dias)
2022-02-16 10:05:51.471  INFO 36020 --- [http-nio-8082-exec-7] c.j.saludo.controllers.SaludoController  : Se esta buscando por un saludo del tipo: morning
2022-02-16 10:05:51.471  INFO 36020 --- [http-nio-8082-exec-7] c.j.saludo.controllers.SaludoController  : Se esta regresando el siguiente saludo:
2022-02-16 10:05:51.472  INFO 36020 --- [http-nio-8082-exec-7] c.j.saludo.controllers.SaludoController  : Saludo(id=1, tipo=MORNING, saludo=Hola, muy buenos dias)
2022-02-16 10:09:27.980  INFO 36020 --- [http-nio-8082-exec-9] c.j.saludo.controllers.SaludoController  : Se esta buscando por un saludo del tipo: morning
2022-02-16 10:09:27.981  INFO 36020 --- [http-nio-8082-exec-9] c.j.saludo.controllers.SaludoController  : Se esta regresando el siguiente saludo:
2022-02-16 10:09:27.981  INFO 36020 --- [http-nio-8082-exec-9] c.j.saludo.controllers.SaludoController  : Saludo(id=1, tipo=MORNING, saludo=Hola, muy buenos dias)
2022-02-16 10:09:31.920  INFO 36020 --- [http-nio-8082-exec-10] c.j.saludo.controllers.SaludoController  : Se esta buscando por un saludo del tipo: morning
2022-02-16 10:09:31.921  INFO 36020 --- [http-nio-8082-exec-10] c.j.saludo.controllers.SaludoController  : Se esta regresando el siguiente saludo:
2022-02-16 10:09:31.921  INFO 36020 --- [http-nio-8082-exec-10] c.j.saludo.controllers.SaludoController  : Saludo(id=1, tipo=MORNING, saludo=Hola, muy buenos dias)
2022-02-16 10:35:58.290  INFO 36020 --- [SpringApplicationShutdownHook] j.LocalContainerEntityManagerFactoryBean : Closing JPA EntityManagerFactory for persistence unit 'default'
2022-02-16 10:35:58.292  INFO 36020 --- [SpringApplicationShutdownHook] com.zaxxer.hikari.HikariDataSource       : HikariPool-2 - Shutdown initiated...
2022-02-16 10:35:58.294  INFO 36020 --- [SpringApplicationShutdownHook] com.zaxxer.hikari.HikariDataSource       : HikariPool-2 - Shutdown completed.
